<?xml version="1.0" encoding="UTF-8"?>
<!-- Generated by org.testng.reporters.JUnitXMLReporter -->
<testsuite ignored="4" hostname="DESKTOP-P4GVGLB" failures="1" tests="1" name="Default test" time="8.156" errors="0" timestamp="2023-04-08T17:32:51 EDT">
  <testcase classname="testLayer.cart" name="shoppingcart4" time="5.123">
    <failure type="org.openqa.selenium.NoSuchElementException" message="no such element: Unable to locate element: {&amp;quot;method&amp;quot;:&amp;quot;css selector&amp;quot;,&amp;quot;selector&amp;quot;:&amp;quot;#search &amp;gt; div.s-desktop-width-max.s-desktop-content.s-wide-grid-style-t3.s-opposite-dir.s-wide-grid-style.sg-row &amp;gt; div.sg-col-20-of-24.s-matching-dir.sg-col-16-of-20.sg-col.sg-col-8-of-12.sg-col-12-of-16 &amp;gt; div &amp;gt; span.rush-component.s-latency-cf-section &amp;gt; div.s-main-slot.s-result-list.s-search-results.sg-row &amp;gt; div:nth-child(7) &amp;gt; div &amp;gt; div &amp;gt; div &amp;gt; div &amp;gt; div.a-section.a-spacing-small.puis-padding-left-small.puis-padding-right-small &amp;gt; div.a-section.a-spacing-none.a-spacing-top-small.s-title-instructions-style &amp;gt; h2 &amp;gt; a &amp;gt; span&amp;quot;}
  (Session info: chrome=111.0.5563.147)
For documentation on this error, please visit: https://selenium.dev/exceptions/#no_such_element
Build info: version: &amp;apos;4.8.3&amp;apos;, revision: &amp;apos;e5e76298c3&amp;apos;
System info: os.name: &amp;apos;Windows 11&amp;apos;, os.arch: &amp;apos;amd64&amp;apos;, os.version: &amp;apos;10.0&amp;apos;, java.version: &amp;apos;19.0.2&amp;apos;
Driver info: org.openqa.selenium.chrome.ChromeDriver
Command: [10d07d28dc115c7e23fa8c0cdbbb6dac, findElement {using=css selector, value=#search &amp;gt; div.s-desktop-width-max.s-desktop-content.s-wide-grid-style-t3.s-opposite-dir.s-wide-grid-style.sg-row &amp;gt; div.sg-col-20-of-24.s-matching-dir.sg-col-16-of-20.sg-col.sg-col-8-of-12.sg-col-12-of-16 &amp;gt; div &amp;gt; span.rush-component.s-latency-cf-section &amp;gt; div.s-main-slot.s-result-list.s-search-results.sg-row &amp;gt; div:nth-child(7) &amp;gt; div &amp;gt; div &amp;gt; div &amp;gt; div &amp;gt; div.a-section.a-spacing-small.puis-padding-left-small.puis-padding-right-small &amp;gt; div.a-section.a-spacing-none.a-spacing-top-small.s-title-instructions-style &amp;gt; h2 &amp;gt; a &amp;gt; span}]
Capabilities {acceptInsecureCerts: false, browserName: chrome, browserVersion: 111.0.5563.147, chrome: {chromedriverVersion: 111.0.5563.64 (c710e93d5b63..., userDataDir: C:\Users\user\AppData\Local...}, goog:chromeOptions: {debuggerAddress: localhost:59232}, networkConnectionEnabled: false, pageLoadStrategy: normal, platformName: WINDOWS, proxy: Proxy(), se:cdp: ws://localhost:59232/devtoo..., se:cdpVersion: 111.0.5563.147, setWindowRect: true, strictFileInteractability: false, timeouts: {implicit: 0, pageLoad: 300000, script: 30000}, unhandledPromptBehavior: dismiss and notify, webauthn:extension:credBlob: true, webauthn:extension:largeBlob: true, webauthn:extension:minPinLength: true, webauthn:extension:prf: true, webauthn:virtualAuthenticators: true}
Session ID: 10d07d28dc115c7e23fa8c0cdbbb6dac">
      <![CDATA[org.openqa.selenium.NoSuchElementException: no such element: Unable to locate element: {"method":"css selector","selector":"#search > div.s-desktop-width-max.s-desktop-content.s-wide-grid-style-t3.s-opposite-dir.s-wide-grid-style.sg-row > div.sg-col-20-of-24.s-matching-dir.sg-col-16-of-20.sg-col.sg-col-8-of-12.sg-col-12-of-16 > div > span.rush-component.s-latency-cf-section > div.s-main-slot.s-result-list.s-search-results.sg-row > div:nth-child(7) > div > div > div > div > div.a-section.a-spacing-small.puis-padding-left-small.puis-padding-right-small > div.a-section.a-spacing-none.a-spacing-top-small.s-title-instructions-style > h2 > a > span"}
  (Session info: chrome=111.0.5563.147)
For documentation on this error, please visit: https://selenium.dev/exceptions/#no_such_element
Build info: version: '4.8.3', revision: 'e5e76298c3'
System info: os.name: 'Windows 11', os.arch: 'amd64', os.version: '10.0', java.version: '19.0.2'
Driver info: org.openqa.selenium.chrome.ChromeDriver
Command: [10d07d28dc115c7e23fa8c0cdbbb6dac, findElement {using=css selector, value=#search > div.s-desktop-width-max.s-desktop-content.s-wide-grid-style-t3.s-opposite-dir.s-wide-grid-style.sg-row > div.sg-col-20-of-24.s-matching-dir.sg-col-16-of-20.sg-col.sg-col-8-of-12.sg-col-12-of-16 > div > span.rush-component.s-latency-cf-section > div.s-main-slot.s-result-list.s-search-results.sg-row > div:nth-child(7) > div > div > div > div > div.a-section.a-spacing-small.puis-padding-left-small.puis-padding-right-small > div.a-section.a-spacing-none.a-spacing-top-small.s-title-instructions-style > h2 > a > span}]
Capabilities {acceptInsecureCerts: false, browserName: chrome, browserVersion: 111.0.5563.147, chrome: {chromedriverVersion: 111.0.5563.64 (c710e93d5b63..., userDataDir: C:\Users\user\AppData\Local...}, goog:chromeOptions: {debuggerAddress: localhost:59232}, networkConnectionEnabled: false, pageLoadStrategy: normal, platformName: WINDOWS, proxy: Proxy(), se:cdp: ws://localhost:59232/devtoo..., se:cdpVersion: 111.0.5563.147, setWindowRect: true, strictFileInteractability: false, timeouts: {implicit: 0, pageLoad: 300000, script: 30000}, unhandledPromptBehavior: dismiss and notify, webauthn:extension:credBlob: true, webauthn:extension:largeBlob: true, webauthn:extension:minPinLength: true, webauthn:extension:prf: true, webauthn:virtualAuthenticators: true}
Session ID: 10d07d28dc115c7e23fa8c0cdbbb6dac
at java.base/jdk.internal.reflect.DirectConstructorHandleAccessor.newInstance(DirectConstructorHandleAccessor.java:67)
at java.base/java.lang.reflect.Constructor.newInstanceWithCaller(Constructor.java:500)
at java.base/java.lang.reflect.Constructor.newInstance(Constructor.java:484)
at org.openqa.selenium.remote.codec.w3c.W3CHttpResponseCodec.createException(W3CHttpResponseCodec.java:200)
at org.openqa.selenium.remote.codec.w3c.W3CHttpResponseCodec.decode(W3CHttpResponseCodec.java:133)
at org.openqa.selenium.remote.codec.w3c.W3CHttpResponseCodec.decode(W3CHttpResponseCodec.java:53)
at org.openqa.selenium.remote.HttpCommandExecutor.execute(HttpCommandExecutor.java:193)
at org.openqa.selenium.remote.service.DriverCommandExecutor.invokeExecute(DriverCommandExecutor.java:183)
at org.openqa.selenium.remote.service.DriverCommandExecutor.execute(DriverCommandExecutor.java:158)
at org.openqa.selenium.remote.RemoteWebDriver.execute(RemoteWebDriver.java:543)
at org.openqa.selenium.remote.ElementLocation$ElementFinder$2.findElement(ElementLocation.java:162)
at org.openqa.selenium.remote.ElementLocation.findElement(ElementLocation.java:60)
at org.openqa.selenium.remote.RemoteWebDriver.findElement(RemoteWebDriver.java:352)
at org.openqa.selenium.remote.RemoteWebDriver.findElement(RemoteWebDriver.java:344)
at org.openqa.selenium.support.pagefactory.DefaultElementLocator.findElement(DefaultElementLocator.java:70)
at org.openqa.selenium.support.pagefactory.internal.LocatingElementHandler.invoke(LocatingElementHandler.java:39)
at jdk.proxy2/jdk.proxy2.$Proxy15.click(Unknown Source)
at pompackage.POMcart.productselect(POMcart.java:32)
at testLayer.cart.shoppingcart4(cart.java:109)
at java.base/jdk.internal.reflect.DirectMethodHandleAccessor.invoke(DirectMethodHandleAccessor.java:104)
at java.base/java.lang.reflect.Method.invoke(Method.java:578)
at org.testng.internal.MethodInvocationHelper.invokeMethod(MethodInvocationHelper.java:133)
at org.testng.internal.TestInvoker.invokeMethod(TestInvoker.java:598)
at org.testng.internal.TestInvoker.invokeTestMethod(TestInvoker.java:173)
at org.testng.internal.MethodRunner.runInSequence(MethodRunner.java:46)
at org.testng.internal.TestInvoker$MethodInvocationAgent.invoke(TestInvoker.java:824)
at org.testng.internal.TestInvoker.invokeTestMethods(TestInvoker.java:146)
at org.testng.internal.TestMethodWorker.invokeTestMethods(TestMethodWorker.java:146)
at org.testng.internal.TestMethodWorker.run(TestMethodWorker.java:128)
at java.base/java.util.ArrayList.forEach(ArrayList.java:1511)
at org.testng.TestRunner.privateRun(TestRunner.java:794)
at org.testng.TestRunner.run(TestRunner.java:596)
at org.testng.SuiteRunner.runTest(SuiteRunner.java:377)
at org.testng.SuiteRunner.runSequentially(SuiteRunner.java:371)
at org.testng.SuiteRunner.privateRun(SuiteRunner.java:332)
at org.testng.SuiteRunner.run(SuiteRunner.java:276)
at org.testng.SuiteRunnerWorker.runSuite(SuiteRunnerWorker.java:53)
at org.testng.SuiteRunnerWorker.run(SuiteRunnerWorker.java:96)
at org.testng.TestNG.runSuitesSequentially(TestNG.java:1212)
at org.testng.TestNG.runSuitesLocally(TestNG.java:1134)
at org.testng.TestNG.runSuites(TestNG.java:1063)
at org.testng.TestNG.run(TestNG.java:1031)
at org.testng.remote.AbstractRemoteTestNG.run(AbstractRemoteTestNG.java:115)
at org.testng.remote.RemoteTestNG.initAndRun(RemoteTestNG.java:251)
at org.testng.remote.RemoteTestNG.main(RemoteTestNG.java:77)
]]>
    </failure>
  </testcase> <!-- shoppingcart4 -->
  <testcase classname="testLayer.cart" name="shoppingcart3" time="0.0">
    <ignored/>
  </testcase> <!-- shoppingcart3 -->
  <testcase classname="testLayer.cart" name="shoppingcart" time="0.0">
    <ignored/>
  </testcase> <!-- shoppingcart -->
  <testcase classname="testLayer.cart" name="shoppingcart2" time="0.0">
    <ignored/>
  </testcase> <!-- shoppingcart2 -->
  <testcase classname="testLayer.cart" name="shoppingcart1" time="0.0">
    <ignored/>
  </testcase> <!-- shoppingcart1 -->
</testsuite> <!-- Default test -->
